Determining if the pthread_create exist failed with the following output:
Change Dir: /home/aadc/AADC/_build_demo_debug/CMakeFiles/CMakeTmp

Run Build Command:"/usr/bin/make" "cmTC_a2f41/fast"
/usr/bin/make -f CMakeFiles/cmTC_a2f41.dir/build.make CMakeFiles/cmTC_a2f41.dir/build
make[1]: Entering directory '/home/aadc/AADC/_build_demo_debug/CMakeFiles/CMakeTmp'
Building C object CMakeFiles/cmTC_a2f41.dir/CheckSymbolExists.c.o
/usr/bin/cc   -fPIC    -o CMakeFiles/cmTC_a2f41.dir/CheckSymbolExists.c.o   -c /home/aadc/AADC/_build_demo_debug/CMakeFiles/CMakeTmp/CheckSymbolExists.c
Linking C executable cmTC_a2f41
/usr/local/bin/cmake -E cmake_link_script CMakeFiles/cmTC_a2f41.dir/link.txt --verbose=1
/usr/bin/cc -fPIC     -rdynamic CMakeFiles/cmTC_a2f41.dir/CheckSymbolExists.c.o  -o cmTC_a2f41 
CMakeFiles/cmTC_a2f41.dir/CheckSymbolExists.c.o: In function `main':
CheckSymbolExists.c:(.text+0x1b): undefined reference to `pthread_create'
collect2: error: ld returned 1 exit status
CMakeFiles/cmTC_a2f41.dir/build.make:86: recipe for target 'cmTC_a2f41' failed
make[1]: *** [cmTC_a2f41] Error 1
make[1]: Leaving directory '/home/aadc/AADC/_build_demo_debug/CMakeFiles/CMakeTmp'
Makefile:126: recipe for target 'cmTC_a2f41/fast' failed
make: *** [cmTC_a2f41/fast] Error 2

File /home/aadc/AADC/_build_demo_debug/CMakeFiles/CMakeTmp/CheckSymbolExists.c:
/* */
#include <pthread.h>

int main(int argc, char** argv)
{
  (void)argv;
#ifndef pthread_create
  return ((int*)(&pthread_create))[argc];
#else
  (void)argc;
  return 0;
#endif
}

Determining if the function pthread_create exists in the pthreads failed with the following output:
Change Dir: /home/aadc/AADC/_build_demo_debug/CMakeFiles/CMakeTmp

Run Build Command:"/usr/bin/make" "cmTC_4fe47/fast"
/usr/bin/make -f CMakeFiles/cmTC_4fe47.dir/build.make CMakeFiles/cmTC_4fe47.dir/build
make[1]: Entering directory '/home/aadc/AADC/_build_demo_debug/CMakeFiles/CMakeTmp'
Building C object CMakeFiles/cmTC_4fe47.dir/CheckFunctionExists.c.o
/usr/bin/cc   -fPIC -DCHECK_FUNCTION_EXISTS=pthread_create   -o CMakeFiles/cmTC_4fe47.dir/CheckFunctionExists.c.o   -c /usr/local/share/cmake-3.11/Modules/CheckFunctionExists.c
Linking C executable cmTC_4fe47
/usr/local/bin/cmake -E cmake_link_script CMakeFiles/cmTC_4fe47.dir/link.txt --verbose=1
/usr/bin/cc -fPIC -DCHECK_FUNCTION_EXISTS=pthread_create    -rdynamic CMakeFiles/cmTC_4fe47.dir/CheckFunctionExists.c.o  -o cmTC_4fe47 -lpthreads 
/usr/bin/ld: cannot find -lpthreads
collect2: error: ld returned 1 exit status
CMakeFiles/cmTC_4fe47.dir/build.make:86: recipe for target 'cmTC_4fe47' failed
make[1]: *** [cmTC_4fe47] Error 1
make[1]: Leaving directory '/home/aadc/AADC/_build_demo_debug/CMakeFiles/CMakeTmp'
Makefile:126: recipe for target 'cmTC_4fe47/fast' failed
make: *** [cmTC_4fe47/fast] Error 2


