Determining if the pthread_create exist failed with the following output:
Change Dir: /home/aadc/AADC/_build_demo/CMakeFiles/CMakeTmp

Run Build Command:"/usr/bin/make" "cmTC_20338/fast"
/usr/bin/make -f CMakeFiles/cmTC_20338.dir/build.make CMakeFiles/cmTC_20338.dir/build
make[1]: Entering directory '/home/aadc/AADC/_build_demo/CMakeFiles/CMakeTmp'
Building C object CMakeFiles/cmTC_20338.dir/CheckSymbolExists.c.o
/usr/bin/cc   -fPIC    -o CMakeFiles/cmTC_20338.dir/CheckSymbolExists.c.o   -c /home/aadc/AADC/_build_demo/CMakeFiles/CMakeTmp/CheckSymbolExists.c
Linking C executable cmTC_20338
/usr/local/bin/cmake -E cmake_link_script CMakeFiles/cmTC_20338.dir/link.txt --verbose=1
/usr/bin/cc -fPIC     -rdynamic CMakeFiles/cmTC_20338.dir/CheckSymbolExists.c.o  -o cmTC_20338 
CMakeFiles/cmTC_20338.dir/CheckSymbolExists.c.o: In function `main':
CheckSymbolExists.c:(.text+0x1b): undefined reference to `pthread_create'
collect2: error: ld returned 1 exit status
CMakeFiles/cmTC_20338.dir/build.make:86: recipe for target 'cmTC_20338' failed
make[1]: *** [cmTC_20338] Error 1
make[1]: Leaving directory '/home/aadc/AADC/_build_demo/CMakeFiles/CMakeTmp'
Makefile:126: recipe for target 'cmTC_20338/fast' failed
make: *** [cmTC_20338/fast] Error 2

File /home/aadc/AADC/_build_demo/CMakeFiles/CMakeTmp/CheckSymbolExists.c:
/* */
#include <pthread.h>

int main(int argc, char** argv)
{
  (void)argv;
#ifndef pthread_create
  return ((int*)(&pthread_create))[argc];
#else
  (void)argc;
  return 0;
#endif
}

Determining if the function pthread_create exists in the pthreads failed with the following output:
Change Dir: /home/aadc/AADC/_build_demo/CMakeFiles/CMakeTmp

Run Build Command:"/usr/bin/make" "cmTC_9a4de/fast"
/usr/bin/make -f CMakeFiles/cmTC_9a4de.dir/build.make CMakeFiles/cmTC_9a4de.dir/build
make[1]: Entering directory '/home/aadc/AADC/_build_demo/CMakeFiles/CMakeTmp'
Building C object CMakeFiles/cmTC_9a4de.dir/CheckFunctionExists.c.o
/usr/bin/cc   -fPIC -DCHECK_FUNCTION_EXISTS=pthread_create   -o CMakeFiles/cmTC_9a4de.dir/CheckFunctionExists.c.o   -c /usr/local/share/cmake-3.11/Modules/CheckFunctionExists.c
Linking C executable cmTC_9a4de
/usr/local/bin/cmake -E cmake_link_script CMakeFiles/cmTC_9a4de.dir/link.txt --verbose=1
/usr/bin/cc -fPIC -DCHECK_FUNCTION_EXISTS=pthread_create    -rdynamic CMakeFiles/cmTC_9a4de.dir/CheckFunctionExists.c.o  -o cmTC_9a4de -lpthreads 
/usr/bin/ld: cannot find -lpthreads
collect2: error: ld returned 1 exit status
CMakeFiles/cmTC_9a4de.dir/build.make:86: recipe for target 'cmTC_9a4de' failed
make[1]: *** [cmTC_9a4de] Error 1
make[1]: Leaving directory '/home/aadc/AADC/_build_demo/CMakeFiles/CMakeTmp'
Makefile:126: recipe for target 'cmTC_9a4de/fast' failed
make: *** [cmTC_9a4de/fast] Error 2


