Determining if the pthread_create exist failed with the following output:
Change Dir: /home/aadc/AADC/src/build-aadcBase-Desktop_Qt_5_9_0_GCC_64bit-Default/CMakeFiles/CMakeTmp

Run Build Command:"/usr/bin/make" "cmTC_0eee6/fast"
/usr/bin/make -f CMakeFiles/cmTC_0eee6.dir/build.make CMakeFiles/cmTC_0eee6.dir/build
make[1]: Entering directory '/home/aadc/AADC/src/build-aadcBase-Desktop_Qt_5_9_0_GCC_64bit-Default/CMakeFiles/CMakeTmp'
Building C object CMakeFiles/cmTC_0eee6.dir/CheckSymbolExists.c.o
/usr/bin/gcc   -fPIC    -o CMakeFiles/cmTC_0eee6.dir/CheckSymbolExists.c.o   -c /home/aadc/AADC/src/build-aadcBase-Desktop_Qt_5_9_0_GCC_64bit-Default/CMakeFiles/CMakeTmp/CheckSymbolExists.c
Linking C executable cmTC_0eee6
/usr/local/bin/cmake -E cmake_link_script CMakeFiles/cmTC_0eee6.dir/link.txt --verbose=1
/usr/bin/gcc -fPIC     -rdynamic CMakeFiles/cmTC_0eee6.dir/CheckSymbolExists.c.o  -o cmTC_0eee6 
CMakeFiles/cmTC_0eee6.dir/CheckSymbolExists.c.o: In function `main':
CheckSymbolExists.c:(.text+0x1b): undefined reference to `pthread_create'
collect2: error: ld returned 1 exit status
CMakeFiles/cmTC_0eee6.dir/build.make:86: recipe for target 'cmTC_0eee6' failed
make[1]: *** [cmTC_0eee6] Error 1
make[1]: Leaving directory '/home/aadc/AADC/src/build-aadcBase-Desktop_Qt_5_9_0_GCC_64bit-Default/CMakeFiles/CMakeTmp'
Makefile:126: recipe for target 'cmTC_0eee6/fast' failed
make: *** [cmTC_0eee6/fast] Error 2

File /home/aadc/AADC/src/build-aadcBase-Desktop_Qt_5_9_0_GCC_64bit-Default/CMakeFiles/CMakeTmp/CheckSymbolExists.c:
/* */
#include <pthread.h>

int main(int argc, char** argv)
{
  (void)argv;
#ifndef pthread_create
  return ((int*)(&pthread_create))[argc];
#else
  (void)argc;
  return 0;
#endif
}

Determining if the function pthread_create exists in the pthreads failed with the following output:
Change Dir: /home/aadc/AADC/src/build-aadcBase-Desktop_Qt_5_9_0_GCC_64bit-Default/CMakeFiles/CMakeTmp

Run Build Command:"/usr/bin/make" "cmTC_50857/fast"
/usr/bin/make -f CMakeFiles/cmTC_50857.dir/build.make CMakeFiles/cmTC_50857.dir/build
make[1]: Entering directory '/home/aadc/AADC/src/build-aadcBase-Desktop_Qt_5_9_0_GCC_64bit-Default/CMakeFiles/CMakeTmp'
Building C object CMakeFiles/cmTC_50857.dir/CheckFunctionExists.c.o
/usr/bin/gcc   -fPIC -DCHECK_FUNCTION_EXISTS=pthread_create   -o CMakeFiles/cmTC_50857.dir/CheckFunctionExists.c.o   -c /usr/local/share/cmake-3.11/Modules/CheckFunctionExists.c
Linking C executable cmTC_50857
/usr/local/bin/cmake -E cmake_link_script CMakeFiles/cmTC_50857.dir/link.txt --verbose=1
/usr/bin/gcc -fPIC -DCHECK_FUNCTION_EXISTS=pthread_create    -rdynamic CMakeFiles/cmTC_50857.dir/CheckFunctionExists.c.o  -o cmTC_50857 -lpthreads 
/usr/bin/ld: cannot find -lpthreads
collect2: error: ld returned 1 exit status
CMakeFiles/cmTC_50857.dir/build.make:86: recipe for target 'cmTC_50857' failed
make[1]: *** [cmTC_50857] Error 1
make[1]: Leaving directory '/home/aadc/AADC/src/build-aadcBase-Desktop_Qt_5_9_0_GCC_64bit-Default/CMakeFiles/CMakeTmp'
Makefile:126: recipe for target 'cmTC_50857/fast' failed
make: *** [cmTC_50857/fast] Error 2


