Determining if the pthread_create exist failed with the following output:
Change Dir: /home/aadc/AADC/_build_user/CMakeFiles/CMakeTmp

Run Build Command:"/usr/bin/make" "cmTC_b4143/fast"
/usr/bin/make -f CMakeFiles/cmTC_b4143.dir/build.make CMakeFiles/cmTC_b4143.dir/build
make[1]: Entering directory '/home/aadc/AADC/_build_user/CMakeFiles/CMakeTmp'
Building C object CMakeFiles/cmTC_b4143.dir/CheckSymbolExists.c.o
/usr/bin/cc   -fPIC    -o CMakeFiles/cmTC_b4143.dir/CheckSymbolExists.c.o   -c /home/aadc/AADC/_build_user/CMakeFiles/CMakeTmp/CheckSymbolExists.c
Linking C executable cmTC_b4143
/usr/local/bin/cmake -E cmake_link_script CMakeFiles/cmTC_b4143.dir/link.txt --verbose=1
/usr/bin/cc -fPIC     -rdynamic CMakeFiles/cmTC_b4143.dir/CheckSymbolExists.c.o  -o cmTC_b4143 
CMakeFiles/cmTC_b4143.dir/CheckSymbolExists.c.o: In function `main':
CheckSymbolExists.c:(.text+0x1b): undefined reference to `pthread_create'
collect2: error: ld returned 1 exit status
CMakeFiles/cmTC_b4143.dir/build.make:86: recipe for target 'cmTC_b4143' failed
make[1]: *** [cmTC_b4143] Error 1
make[1]: Leaving directory '/home/aadc/AADC/_build_user/CMakeFiles/CMakeTmp'
Makefile:126: recipe for target 'cmTC_b4143/fast' failed
make: *** [cmTC_b4143/fast] Error 2

File /home/aadc/AADC/_build_user/CMakeFiles/CMakeTmp/CheckSymbolExists.c:
/* */
#include <pthread.h>

int main(int argc, char** argv)
{
  (void)argv;
#ifndef pthread_create
  return ((int*)(&pthread_create))[argc];
#else
  (void)argc;
  return 0;
#endif
}

Determining if the function pthread_create exists in the pthreads failed with the following output:
Change Dir: /home/aadc/AADC/_build_user/CMakeFiles/CMakeTmp

Run Build Command:"/usr/bin/make" "cmTC_e5449/fast"
/usr/bin/make -f CMakeFiles/cmTC_e5449.dir/build.make CMakeFiles/cmTC_e5449.dir/build
make[1]: Entering directory '/home/aadc/AADC/_build_user/CMakeFiles/CMakeTmp'
Building C object CMakeFiles/cmTC_e5449.dir/CheckFunctionExists.c.o
/usr/bin/cc   -fPIC -DCHECK_FUNCTION_EXISTS=pthread_create   -o CMakeFiles/cmTC_e5449.dir/CheckFunctionExists.c.o   -c /usr/local/share/cmake-3.11/Modules/CheckFunctionExists.c
Linking C executable cmTC_e5449
/usr/local/bin/cmake -E cmake_link_script CMakeFiles/cmTC_e5449.dir/link.txt --verbose=1
/usr/bin/cc -fPIC -DCHECK_FUNCTION_EXISTS=pthread_create    -rdynamic CMakeFiles/cmTC_e5449.dir/CheckFunctionExists.c.o  -o cmTC_e5449 -lpthreads 
/usr/bin/ld: cannot find -lpthreads
collect2: error: ld returned 1 exit status
CMakeFiles/cmTC_e5449.dir/build.make:86: recipe for target 'cmTC_e5449' failed
make[1]: *** [cmTC_e5449] Error 1
make[1]: Leaving directory '/home/aadc/AADC/_build_user/CMakeFiles/CMakeTmp'
Makefile:126: recipe for target 'cmTC_e5449/fast' failed
make: *** [cmTC_e5449/fast] Error 2


