Determining if the pthread_create exist failed with the following output:
Change Dir: /home/aadc/AADC/src/CMakeFiles/CMakeTmp

Run Build Command:"/usr/bin/make" "cmTC_be637/fast"
/usr/bin/make -f CMakeFiles/cmTC_be637.dir/build.make CMakeFiles/cmTC_be637.dir/build
make[1]: Entering directory '/home/aadc/AADC/src/CMakeFiles/CMakeTmp'
Building C object CMakeFiles/cmTC_be637.dir/CheckSymbolExists.c.o
/usr/bin/gcc   -fPIC    -o CMakeFiles/cmTC_be637.dir/CheckSymbolExists.c.o   -c /home/aadc/AADC/src/CMakeFiles/CMakeTmp/CheckSymbolExists.c
Linking C executable cmTC_be637
/usr/local/bin/cmake -E cmake_link_script CMakeFiles/cmTC_be637.dir/link.txt --verbose=1
/usr/bin/gcc -fPIC     -rdynamic CMakeFiles/cmTC_be637.dir/CheckSymbolExists.c.o  -o cmTC_be637 
CMakeFiles/cmTC_be637.dir/CheckSymbolExists.c.o: In function `main':
CheckSymbolExists.c:(.text+0x1b): undefined reference to `pthread_create'
collect2: error: ld returned 1 exit status
CMakeFiles/cmTC_be637.dir/build.make:86: recipe for target 'cmTC_be637' failed
make[1]: *** [cmTC_be637] Error 1
make[1]: Leaving directory '/home/aadc/AADC/src/CMakeFiles/CMakeTmp'
Makefile:126: recipe for target 'cmTC_be637/fast' failed
make: *** [cmTC_be637/fast] Error 2

File /home/aadc/AADC/src/CMakeFiles/CMakeTmp/CheckSymbolExists.c:
/* */
#include <pthread.h>

int main(int argc, char** argv)
{
  (void)argv;
#ifndef pthread_create
  return ((int*)(&pthread_create))[argc];
#else
  (void)argc;
  return 0;
#endif
}

Determining if the function pthread_create exists in the pthreads failed with the following output:
Change Dir: /home/aadc/AADC/src/CMakeFiles/CMakeTmp

Run Build Command:"/usr/bin/make" "cmTC_d3644/fast"
/usr/bin/make -f CMakeFiles/cmTC_d3644.dir/build.make CMakeFiles/cmTC_d3644.dir/build
make[1]: Entering directory '/home/aadc/AADC/src/CMakeFiles/CMakeTmp'
Building C object CMakeFiles/cmTC_d3644.dir/CheckFunctionExists.c.o
/usr/bin/gcc   -fPIC -DCHECK_FUNCTION_EXISTS=pthread_create   -o CMakeFiles/cmTC_d3644.dir/CheckFunctionExists.c.o   -c /usr/local/share/cmake-3.11/Modules/CheckFunctionExists.c
Linking C executable cmTC_d3644
/usr/local/bin/cmake -E cmake_link_script CMakeFiles/cmTC_d3644.dir/link.txt --verbose=1
/usr/bin/gcc -fPIC -DCHECK_FUNCTION_EXISTS=pthread_create    -rdynamic CMakeFiles/cmTC_d3644.dir/CheckFunctionExists.c.o  -o cmTC_d3644 -lpthreads 
/usr/bin/ld: cannot find -lpthreads
collect2: error: ld returned 1 exit status
CMakeFiles/cmTC_d3644.dir/build.make:86: recipe for target 'cmTC_d3644' failed
make[1]: *** [cmTC_d3644] Error 1
make[1]: Leaving directory '/home/aadc/AADC/src/CMakeFiles/CMakeTmp'
Makefile:126: recipe for target 'cmTC_d3644/fast' failed
make: *** [cmTC_d3644/fast] Error 2


Determining if the pthread_create exist failed with the following output:
Change Dir: /home/aadc/AADC/src/CMakeFiles/CMakeTmp

Run Build Command:"/usr/bin/make" "cmTC_d0f18/fast"
/usr/bin/make -f CMakeFiles/cmTC_d0f18.dir/build.make CMakeFiles/cmTC_d0f18.dir/build
make[1]: Entering directory '/home/aadc/AADC/src/CMakeFiles/CMakeTmp'
Building C object CMakeFiles/cmTC_d0f18.dir/CheckSymbolExists.c.o
/usr/bin/gcc   -fPIC    -o CMakeFiles/cmTC_d0f18.dir/CheckSymbolExists.c.o   -c /home/aadc/AADC/src/CMakeFiles/CMakeTmp/CheckSymbolExists.c
Linking C executable cmTC_d0f18
/usr/local/bin/cmake -E cmake_link_script CMakeFiles/cmTC_d0f18.dir/link.txt --verbose=1
/usr/bin/gcc -fPIC     -rdynamic CMakeFiles/cmTC_d0f18.dir/CheckSymbolExists.c.o  -o cmTC_d0f18 
CMakeFiles/cmTC_d0f18.dir/CheckSymbolExists.c.o: In function `main':
CheckSymbolExists.c:(.text+0x1b): undefined reference to `pthread_create'
collect2: error: ld returned 1 exit status
CMakeFiles/cmTC_d0f18.dir/build.make:86: recipe for target 'cmTC_d0f18' failed
make[1]: *** [cmTC_d0f18] Error 1
make[1]: Leaving directory '/home/aadc/AADC/src/CMakeFiles/CMakeTmp'
Makefile:126: recipe for target 'cmTC_d0f18/fast' failed
make: *** [cmTC_d0f18/fast] Error 2

File /home/aadc/AADC/src/CMakeFiles/CMakeTmp/CheckSymbolExists.c:
/* */
#include <pthread.h>

int main(int argc, char** argv)
{
  (void)argv;
#ifndef pthread_create
  return ((int*)(&pthread_create))[argc];
#else
  (void)argc;
  return 0;
#endif
}

Determining if the function pthread_create exists in the pthreads failed with the following output:
Change Dir: /home/aadc/AADC/src/CMakeFiles/CMakeTmp

Run Build Command:"/usr/bin/make" "cmTC_f287e/fast"
/usr/bin/make -f CMakeFiles/cmTC_f287e.dir/build.make CMakeFiles/cmTC_f287e.dir/build
make[1]: Entering directory '/home/aadc/AADC/src/CMakeFiles/CMakeTmp'
Building C object CMakeFiles/cmTC_f287e.dir/CheckFunctionExists.c.o
/usr/bin/gcc   -fPIC -DCHECK_FUNCTION_EXISTS=pthread_create   -o CMakeFiles/cmTC_f287e.dir/CheckFunctionExists.c.o   -c /usr/local/share/cmake-3.11/Modules/CheckFunctionExists.c
Linking C executable cmTC_f287e
/usr/local/bin/cmake -E cmake_link_script CMakeFiles/cmTC_f287e.dir/link.txt --verbose=1
/usr/bin/gcc -fPIC -DCHECK_FUNCTION_EXISTS=pthread_create    -rdynamic CMakeFiles/cmTC_f287e.dir/CheckFunctionExists.c.o  -o cmTC_f287e -lpthreads 
/usr/bin/ld: cannot find -lpthreads
collect2: error: ld returned 1 exit status
CMakeFiles/cmTC_f287e.dir/build.make:86: recipe for target 'cmTC_f287e' failed
make[1]: *** [cmTC_f287e] Error 1
make[1]: Leaving directory '/home/aadc/AADC/src/CMakeFiles/CMakeTmp'
Makefile:126: recipe for target 'cmTC_f287e/fast' failed
make: *** [cmTC_f287e/fast] Error 2


