Determining if the pthread_create exist failed with the following output:
Change Dir: /home/aadc/AADC/src/_build_user_debug_ide/CMakeFiles/CMakeTmp

Run Build Command:"/usr/bin/make" "cmTC_56a18/fast"
/usr/bin/make -f CMakeFiles/cmTC_56a18.dir/build.make CMakeFiles/cmTC_56a18.dir/build
make[1]: Entering directory '/home/aadc/AADC/src/_build_user_debug_ide/CMakeFiles/CMakeTmp'
Building C object CMakeFiles/cmTC_56a18.dir/CheckSymbolExists.c.o
/usr/bin/gcc   -fPIC    -o CMakeFiles/cmTC_56a18.dir/CheckSymbolExists.c.o   -c /home/aadc/AADC/src/_build_user_debug_ide/CMakeFiles/CMakeTmp/CheckSymbolExists.c
Linking C executable cmTC_56a18
/usr/local/bin/cmake -E cmake_link_script CMakeFiles/cmTC_56a18.dir/link.txt --verbose=1
/usr/bin/gcc -fPIC     -rdynamic CMakeFiles/cmTC_56a18.dir/CheckSymbolExists.c.o  -o cmTC_56a18 
CMakeFiles/cmTC_56a18.dir/CheckSymbolExists.c.o: In function `main':
CheckSymbolExists.c:(.text+0x1b): undefined reference to `pthread_create'
collect2: error: ld returned 1 exit status
CMakeFiles/cmTC_56a18.dir/build.make:86: recipe for target 'cmTC_56a18' failed
make[1]: *** [cmTC_56a18] Error 1
make[1]: Leaving directory '/home/aadc/AADC/src/_build_user_debug_ide/CMakeFiles/CMakeTmp'
Makefile:126: recipe for target 'cmTC_56a18/fast' failed
make: *** [cmTC_56a18/fast] Error 2

File /home/aadc/AADC/src/_build_user_debug_ide/CMakeFiles/CMakeTmp/CheckSymbolExists.c:
/* */
#include <pthread.h>

int main(int argc, char** argv)
{
  (void)argv;
#ifndef pthread_create
  return ((int*)(&pthread_create))[argc];
#else
  (void)argc;
  return 0;
#endif
}

Determining if the function pthread_create exists in the pthreads failed with the following output:
Change Dir: /home/aadc/AADC/src/_build_user_debug_ide/CMakeFiles/CMakeTmp

Run Build Command:"/usr/bin/make" "cmTC_7c22a/fast"
/usr/bin/make -f CMakeFiles/cmTC_7c22a.dir/build.make CMakeFiles/cmTC_7c22a.dir/build
make[1]: Entering directory '/home/aadc/AADC/src/_build_user_debug_ide/CMakeFiles/CMakeTmp'
Building C object CMakeFiles/cmTC_7c22a.dir/CheckFunctionExists.c.o
/usr/bin/gcc   -fPIC -DCHECK_FUNCTION_EXISTS=pthread_create   -o CMakeFiles/cmTC_7c22a.dir/CheckFunctionExists.c.o   -c /usr/local/share/cmake-3.11/Modules/CheckFunctionExists.c
Linking C executable cmTC_7c22a
/usr/local/bin/cmake -E cmake_link_script CMakeFiles/cmTC_7c22a.dir/link.txt --verbose=1
/usr/bin/gcc -fPIC -DCHECK_FUNCTION_EXISTS=pthread_create    -rdynamic CMakeFiles/cmTC_7c22a.dir/CheckFunctionExists.c.o  -o cmTC_7c22a -lpthreads 
/usr/bin/ld: cannot find -lpthreads
collect2: error: ld returned 1 exit status
CMakeFiles/cmTC_7c22a.dir/build.make:86: recipe for target 'cmTC_7c22a' failed
make[1]: *** [cmTC_7c22a] Error 1
make[1]: Leaving directory '/home/aadc/AADC/src/_build_user_debug_ide/CMakeFiles/CMakeTmp'
Makefile:126: recipe for target 'cmTC_7c22a/fast' failed
make: *** [cmTC_7c22a/fast] Error 2


