Determining if the pthread_create exist failed with the following output:
Change Dir: /home/aadc/AADC/src/build-aadcUser-Desktop_Qt_5_9_0_GCC_64bit-Debug/CMakeFiles/CMakeTmp

Run Build Command:"/usr/bin/make" "cmTC_059a4/fast"
/usr/bin/make -f CMakeFiles/cmTC_059a4.dir/build.make CMakeFiles/cmTC_059a4.dir/build
make[1]: Entering directory '/home/aadc/AADC/src/build-aadcUser-Desktop_Qt_5_9_0_GCC_64bit-Debug/CMakeFiles/CMakeTmp'
Building C object CMakeFiles/cmTC_059a4.dir/CheckSymbolExists.c.o
/usr/bin/gcc   -fPIC    -o CMakeFiles/cmTC_059a4.dir/CheckSymbolExists.c.o   -c /home/aadc/AADC/src/build-aadcUser-Desktop_Qt_5_9_0_GCC_64bit-Debug/CMakeFiles/CMakeTmp/CheckSymbolExists.c
Linking C executable cmTC_059a4
/usr/local/bin/cmake -E cmake_link_script CMakeFiles/cmTC_059a4.dir/link.txt --verbose=1
/usr/bin/gcc -fPIC     -rdynamic CMakeFiles/cmTC_059a4.dir/CheckSymbolExists.c.o  -o cmTC_059a4 
CMakeFiles/cmTC_059a4.dir/CheckSymbolExists.c.o: In function `main':
CheckSymbolExists.c:(.text+0x1b): undefined reference to `pthread_create'
collect2: error: ld returned 1 exit status
CMakeFiles/cmTC_059a4.dir/build.make:86: recipe for target 'cmTC_059a4' failed
make[1]: *** [cmTC_059a4] Error 1
make[1]: Leaving directory '/home/aadc/AADC/src/build-aadcUser-Desktop_Qt_5_9_0_GCC_64bit-Debug/CMakeFiles/CMakeTmp'
Makefile:126: recipe for target 'cmTC_059a4/fast' failed
make: *** [cmTC_059a4/fast] Error 2

File /home/aadc/AADC/src/build-aadcUser-Desktop_Qt_5_9_0_GCC_64bit-Debug/CMakeFiles/CMakeTmp/CheckSymbolExists.c:
/* */
#include <pthread.h>

int main(int argc, char** argv)
{
  (void)argv;
#ifndef pthread_create
  return ((int*)(&pthread_create))[argc];
#else
  (void)argc;
  return 0;
#endif
}

Determining if the function pthread_create exists in the pthreads failed with the following output:
Change Dir: /home/aadc/AADC/src/build-aadcUser-Desktop_Qt_5_9_0_GCC_64bit-Debug/CMakeFiles/CMakeTmp

Run Build Command:"/usr/bin/make" "cmTC_5709a/fast"
/usr/bin/make -f CMakeFiles/cmTC_5709a.dir/build.make CMakeFiles/cmTC_5709a.dir/build
make[1]: Entering directory '/home/aadc/AADC/src/build-aadcUser-Desktop_Qt_5_9_0_GCC_64bit-Debug/CMakeFiles/CMakeTmp'
Building C object CMakeFiles/cmTC_5709a.dir/CheckFunctionExists.c.o
/usr/bin/gcc   -fPIC -DCHECK_FUNCTION_EXISTS=pthread_create   -o CMakeFiles/cmTC_5709a.dir/CheckFunctionExists.c.o   -c /usr/local/share/cmake-3.11/Modules/CheckFunctionExists.c
Linking C executable cmTC_5709a
/usr/local/bin/cmake -E cmake_link_script CMakeFiles/cmTC_5709a.dir/link.txt --verbose=1
/usr/bin/gcc -fPIC -DCHECK_FUNCTION_EXISTS=pthread_create    -rdynamic CMakeFiles/cmTC_5709a.dir/CheckFunctionExists.c.o  -o cmTC_5709a -lpthreads 
/usr/bin/ld: cannot find -lpthreads
collect2: error: ld returned 1 exit status
CMakeFiles/cmTC_5709a.dir/build.make:86: recipe for target 'cmTC_5709a' failed
make[1]: *** [cmTC_5709a] Error 1
make[1]: Leaving directory '/home/aadc/AADC/src/build-aadcUser-Desktop_Qt_5_9_0_GCC_64bit-Debug/CMakeFiles/CMakeTmp'
Makefile:126: recipe for target 'cmTC_5709a/fast' failed
make: *** [cmTC_5709a/fast] Error 2


