Determining if the pthread_create exist failed with the following output:
Change Dir: /home/aadc/AADC/_build_user_debug/CMakeFiles/CMakeTmp

Run Build Command:"/usr/bin/make" "cmTC_cfa36/fast"
/usr/bin/make -f CMakeFiles/cmTC_cfa36.dir/build.make CMakeFiles/cmTC_cfa36.dir/build
make[1]: Entering directory '/home/aadc/AADC/_build_user_debug/CMakeFiles/CMakeTmp'
Building C object CMakeFiles/cmTC_cfa36.dir/CheckSymbolExists.c.o
/usr/bin/cc   -fPIC    -o CMakeFiles/cmTC_cfa36.dir/CheckSymbolExists.c.o   -c /home/aadc/AADC/_build_user_debug/CMakeFiles/CMakeTmp/CheckSymbolExists.c
Linking C executable cmTC_cfa36
/usr/local/bin/cmake -E cmake_link_script CMakeFiles/cmTC_cfa36.dir/link.txt --verbose=1
/usr/bin/cc -fPIC     -rdynamic CMakeFiles/cmTC_cfa36.dir/CheckSymbolExists.c.o  -o cmTC_cfa36 
CMakeFiles/cmTC_cfa36.dir/CheckSymbolExists.c.o: In function `main':
CheckSymbolExists.c:(.text+0x1b): undefined reference to `pthread_create'
collect2: error: ld returned 1 exit status
CMakeFiles/cmTC_cfa36.dir/build.make:86: recipe for target 'cmTC_cfa36' failed
make[1]: *** [cmTC_cfa36] Error 1
make[1]: Leaving directory '/home/aadc/AADC/_build_user_debug/CMakeFiles/CMakeTmp'
Makefile:126: recipe for target 'cmTC_cfa36/fast' failed
make: *** [cmTC_cfa36/fast] Error 2

File /home/aadc/AADC/_build_user_debug/CMakeFiles/CMakeTmp/CheckSymbolExists.c:
/* */
#include <pthread.h>

int main(int argc, char** argv)
{
  (void)argv;
#ifndef pthread_create
  return ((int*)(&pthread_create))[argc];
#else
  (void)argc;
  return 0;
#endif
}

Determining if the function pthread_create exists in the pthreads failed with the following output:
Change Dir: /home/aadc/AADC/_build_user_debug/CMakeFiles/CMakeTmp

Run Build Command:"/usr/bin/make" "cmTC_46aa8/fast"
/usr/bin/make -f CMakeFiles/cmTC_46aa8.dir/build.make CMakeFiles/cmTC_46aa8.dir/build
make[1]: Entering directory '/home/aadc/AADC/_build_user_debug/CMakeFiles/CMakeTmp'
Building C object CMakeFiles/cmTC_46aa8.dir/CheckFunctionExists.c.o
/usr/bin/cc   -fPIC -DCHECK_FUNCTION_EXISTS=pthread_create   -o CMakeFiles/cmTC_46aa8.dir/CheckFunctionExists.c.o   -c /usr/local/share/cmake-3.11/Modules/CheckFunctionExists.c
Linking C executable cmTC_46aa8
/usr/local/bin/cmake -E cmake_link_script CMakeFiles/cmTC_46aa8.dir/link.txt --verbose=1
/usr/bin/cc -fPIC -DCHECK_FUNCTION_EXISTS=pthread_create    -rdynamic CMakeFiles/cmTC_46aa8.dir/CheckFunctionExists.c.o  -o cmTC_46aa8 -lpthreads 
/usr/bin/ld: cannot find -lpthreads
collect2: error: ld returned 1 exit status
CMakeFiles/cmTC_46aa8.dir/build.make:86: recipe for target 'cmTC_46aa8' failed
make[1]: *** [cmTC_46aa8] Error 1
make[1]: Leaving directory '/home/aadc/AADC/_build_user_debug/CMakeFiles/CMakeTmp'
Makefile:126: recipe for target 'cmTC_46aa8/fast' failed
make: *** [cmTC_46aa8/fast] Error 2


